<?xml version="1.0" encoding="UTF-8"?>
<testng-results ignored="0" total="1" passed="0" failed="1" skipped="0">
  <reporter-output>
  </reporter-output>
  <suite started-at="2025-03-25T19:01:26 IST" name="Default suite" finished-at="2025-03-25T19:01:36 IST" duration-ms="9787">
    <groups>
      <group name="cucumber">
        <method signature="AbstractTestNGCucumberTests.runScenario(io.cucumber.testng.PickleWrapper,io.cucumber.testng.FeatureWrapper)[pri:0, instance:cucumber.learn.runner.LearnRunner@192c3f1e]" name="runScenario" class="io.cucumber.testng.AbstractTestNGCucumberTests"/>
      </group> <!-- cucumber -->
    </groups>
    <test started-at="2025-03-25T19:01:26 IST" name="Default test" finished-at="2025-03-25T19:01:36 IST" duration-ms="9787">
      <class name="cucumber.learn.runner.LearnRunner">
        <test-method is-config="true" signature="setUpClass(org.testng.ITestContext)[pri:0, instance:cucumber.learn.runner.LearnRunner@192c3f1e]" started-at="2025-03-25T19:01:26 IST" name="setUpClass" finished-at="2025-03-25T19:01:26 IST" duration-ms="269" status="PASS">
          <params>
            <param index="0">
              <value>
                <![CDATA[org.testng.TestRunner@264c5d07]]>
              </value>
            </param>
          </params>
          <reporter-output>
          </reporter-output>
        </test-method> <!-- setUpClass -->
        <test-method signature="runScenario(io.cucumber.testng.PickleWrapper,io.cucumber.testng.FeatureWrapper)[pri:0, instance:cucumber.learn.runner.LearnRunner@192c3f1e]" started-at="2025-03-25T19:01:26 IST" name="runScenario" description="Runs Cucumber Scenarios" data-provider="scenarios" finished-at="2025-03-25T19:01:36 IST" duration-ms="9459" status="FAIL">
          <params>
            <param index="0">
              <value>
                <![CDATA["login success"]]>
              </value>
            </param>
            <param index="1">
              <value>
                <![CDATA["learn login feature"]]>
              </value>
            </param>
          </params>
          <exception class="java.lang.AssertionError">
            <message>
              <![CDATA[expected [Your username is invalid!] but found [Your username is invalid!sdfdsaa]]]>
            </message>
            <full-stacktrace>
              <![CDATA[java.lang.AssertionError: expected [Your username is invalid!] but found [Your username is invalid!sdfdsaa]
at org.testng.Assert.fail(Assert.java:111)
at org.testng.Assert.failNotEquals(Assert.java:1578)
at org.testng.Assert.assertEqualsImpl(Assert.java:150)
at org.testng.Assert.assertEquals(Assert.java:132)
at org.testng.Assert.assertEquals(Assert.java:656)
at org.testng.Assert.assertEquals(Assert.java:666)
at cucumber.learn.stepDefinition.LearnLoginStep.userPressTheSubmitButton(LearnLoginStep.java:89)
at âœ½.user press the submit button(file:///D:/STUDENTS/Testing-Jan-2025/cucumber.learn/src/test/resources/features/learnLogin.feature:7)
]]>
            </full-stacktrace>
          </exception> <!-- java.lang.AssertionError -->
          <reporter-output>
          </reporter-output>
        </test-method> <!-- runScenario -->
        <test-method is-config="true" signature="tearDownClass()[pri:0, instance:cucumber.learn.runner.LearnRunner@192c3f1e]" started-at="2025-03-25T19:01:36 IST" name="tearDownClass" finished-at="2025-03-25T19:01:36 IST" duration-ms="2" status="PASS">
          <reporter-output>
          </reporter-output>
        </test-method> <!-- tearDownClass -->
      </class> <!-- cucumber.learn.runner.LearnRunner -->
    </test> <!-- Default test -->
  </suite> <!-- Default suite -->
</testng-results>
